{"/Users/haimac/Downloads/AUTH-API/src/Commons/exceptions/AuthenticationError.js": {"path":"/Users/haimac/Downloads/AUTH-API/src/Commons/exceptions/AuthenticationError.js","statementMap":{"0":{"start":{"line":1,"column":20},"end":{"line":1,"column":44}},"1":{"start":{"line":6,"column":8},"end":{"line":6,"column":28}},"2":{"start":{"line":7,"column":8},"end":{"line":7,"column":42}},"3":{"start":{"line":11,"column":0},"end":{"line":11,"column":37}}},"fnMap":{"0":{"name":"(anonymous_0)","decl":{"start":{"line":5,"column":4},"end":{"line":5,"column":5}},"loc":{"start":{"line":5,"column":25},"end":{"line":8,"column":5}},"line":5}},"branchMap":{},"s":{"0":1,"1":1,"2":1,"3":1},"f":{"0":1},"b":{},"_coverageSchema":"1a1c01bbd47fc00a2c39e90264f33305004495a9","hash":"14a8684824d47fb6b3909e2a9c1345249289720a"}
,"/Users/haimac/Downloads/AUTH-API/src/Commons/exceptions/ClientError.js": {"path":"/Users/haimac/Downloads/AUTH-API/src/Commons/exceptions/ClientError.js","statementMap":{"0":{"start":{"line":3,"column":8},"end":{"line":3,"column":23}},"1":{"start":{"line":5,"column":8},"end":{"line":7,"column":9}},"2":{"start":{"line":6,"column":12},"end":{"line":6,"column":65}},"3":{"start":{"line":9,"column":8},"end":{"line":9,"column":37}},"4":{"start":{"line":10,"column":8},"end":{"line":10,"column":33}},"5":{"start":{"line":14,"column":0},"end":{"line":14,"column":27}}},"fnMap":{"0":{"name":"(anonymous_0)","decl":{"start":{"line":2,"column":4},"end":{"line":2,"column":5}},"loc":{"start":{"line":2,"column":40},"end":{"line":11,"column":5}},"line":2}},"branchMap":{"0":{"loc":{"start":{"line":2,"column":25},"end":{"line":2,"column":39}},"type":"default-arg","locations":[{"start":{"line":2,"column":36},"end":{"line":2,"column":39}}],"line":2},"1":{"loc":{"start":{"line":5,"column":8},"end":{"line":7,"column":9}},"type":"if","locations":[{"start":{"line":5,"column":8},"end":{"line":7,"column":9}},{"start":{},"end":{}}],"line":5}},"s":{"0":4,"1":4,"2":1,"3":3,"4":3,"5":4},"f":{"0":4},"b":{"0":[2],"1":[1,3]},"_coverageSchema":"1a1c01bbd47fc00a2c39e90264f33305004495a9","hash":"c71b9fbb78f7ace39065857a354456ef65095fdd"}
,"/Users/haimac/Downloads/AUTH-API/src/Commons/exceptions/InvariantError.js": {"path":"/Users/haimac/Downloads/AUTH-API/src/Commons/exceptions/InvariantError.js","statementMap":{"0":{"start":{"line":1,"column":20},"end":{"line":1,"column":44}},"1":{"start":{"line":5,"column":8},"end":{"line":5,"column":23}},"2":{"start":{"line":6,"column":8},"end":{"line":6,"column":37}},"3":{"start":{"line":10,"column":0},"end":{"line":10,"column":32}}},"fnMap":{"0":{"name":"(anonymous_0)","decl":{"start":{"line":4,"column":4},"end":{"line":4,"column":5}},"loc":{"start":{"line":4,"column":24},"end":{"line":7,"column":5}},"line":4}},"branchMap":{},"s":{"0":1,"1":1,"2":1,"3":1},"f":{"0":1},"b":{},"_coverageSchema":"1a1c01bbd47fc00a2c39e90264f33305004495a9","hash":"58d336f6b01e343f30500aeaec09c202393f0edf"}
,"/Users/haimac/Downloads/AUTH-API/src/Commons/exceptions/NotFoundError.js": {"path":"/Users/haimac/Downloads/AUTH-API/src/Commons/exceptions/NotFoundError.js","statementMap":{"0":{"start":{"line":1,"column":20},"end":{"line":1,"column":44}},"1":{"start":{"line":5,"column":4},"end":{"line":5,"column":24}},"2":{"start":{"line":6,"column":4},"end":{"line":6,"column":32}},"3":{"start":{"line":10,"column":0},"end":{"line":10,"column":31}}},"fnMap":{"0":{"name":"(anonymous_0)","decl":{"start":{"line":4,"column":2},"end":{"line":4,"column":3}},"loc":{"start":{"line":4,"column":23},"end":{"line":7,"column":3}},"line":4}},"branchMap":{},"s":{"0":1,"1":1,"2":1,"3":1},"f":{"0":1},"b":{},"_coverageSchema":"1a1c01bbd47fc00a2c39e90264f33305004495a9","hash":"1726b19d88f0807ef0a3411c429afab47ac7131c"}
,"/Users/haimac/Downloads/AUTH-API/src/Domains/users/UserRepository.js": {"path":"/Users/haimac/Downloads/AUTH-API/src/Domains/users/UserRepository.js","statementMap":{"0":{"start":{"line":4,"column":6},"end":{"line":4,"column":64}},"1":{"start":{"line":8,"column":6},"end":{"line":8,"column":64}},"2":{"start":{"line":12,"column":2},"end":{"line":12,"column":34}}},"fnMap":{"0":{"name":"(anonymous_0)","decl":{"start":{"line":3,"column":4},"end":{"line":3,"column":5}},"loc":{"start":{"line":3,"column":32},"end":{"line":5,"column":5}},"line":3},"1":{"name":"(anonymous_1)","decl":{"start":{"line":7,"column":4},"end":{"line":7,"column":5}},"loc":{"start":{"line":7,"column":44},"end":{"line":9,"column":5}},"line":7}},"branchMap":{},"s":{"0":1,"1":1,"2":1},"f":{"0":1,"1":1},"b":{},"_coverageSchema":"1a1c01bbd47fc00a2c39e90264f33305004495a9","hash":"b0e256a5fc1bd9a88c4df453b9e051f792256302"}
,"/Users/haimac/Downloads/AUTH-API/src/Domains/users/entities/RegisterUser.js": {"path":"/Users/haimac/Downloads/AUTH-API/src/Domains/users/entities/RegisterUser.js","statementMap":{"0":{"start":{"line":3,"column":6},"end":{"line":5,"column":7}},"1":{"start":{"line":4,"column":8},"end":{"line":4,"column":69}},"2":{"start":{"line":7,"column":6},"end":{"line":9,"column":7}},"3":{"start":{"line":8,"column":8},"end":{"line":8,"column":74}},"4":{"start":{"line":11,"column":6},"end":{"line":13,"column":7}},"5":{"start":{"line":12,"column":8},"end":{"line":12,"column":61}},"6":{"start":{"line":15,"column":6},"end":{"line":17,"column":7}},"7":{"start":{"line":16,"column":8},"end":{"line":16,"column":79}},"8":{"start":{"line":19,"column":6},"end":{"line":19,"column":31}},"9":{"start":{"line":20,"column":6},"end":{"line":20,"column":31}},"10":{"start":{"line":21,"column":6},"end":{"line":21,"column":31}},"11":{"start":{"line":25,"column":2},"end":{"line":25,"column":32}}},"fnMap":{"0":{"name":"(anonymous_0)","decl":{"start":{"line":2,"column":4},"end":{"line":2,"column":5}},"loc":{"start":{"line":2,"column":50},"end":{"line":22,"column":5}},"line":2}},"branchMap":{"0":{"loc":{"start":{"line":3,"column":6},"end":{"line":5,"column":7}},"type":"if","locations":[{"start":{"line":3,"column":6},"end":{"line":5,"column":7}},{"start":{},"end":{}}],"line":3},"1":{"loc":{"start":{"line":3,"column":10},"end":{"line":3,"column":45}},"type":"binary-expr","locations":[{"start":{"line":3,"column":10},"end":{"line":3,"column":19}},{"start":{"line":3,"column":23},"end":{"line":3,"column":32}},{"start":{"line":3,"column":36},"end":{"line":3,"column":45}}],"line":3},"2":{"loc":{"start":{"line":7,"column":6},"end":{"line":9,"column":7}},"type":"if","locations":[{"start":{"line":7,"column":6},"end":{"line":9,"column":7}},{"start":{},"end":{}}],"line":7},"3":{"loc":{"start":{"line":7,"column":10},"end":{"line":7,"column":102}},"type":"binary-expr","locations":[{"start":{"line":7,"column":10},"end":{"line":7,"column":38}},{"start":{"line":7,"column":42},"end":{"line":7,"column":70}},{"start":{"line":7,"column":74},"end":{"line":7,"column":102}}],"line":7},"4":{"loc":{"start":{"line":11,"column":6},"end":{"line":13,"column":7}},"type":"if","locations":[{"start":{"line":11,"column":6},"end":{"line":13,"column":7}},{"start":{},"end":{}}],"line":11},"5":{"loc":{"start":{"line":15,"column":6},"end":{"line":17,"column":7}},"type":"if","locations":[{"start":{"line":15,"column":6},"end":{"line":17,"column":7}},{"start":{},"end":{}}],"line":15}},"s":{"0":5,"1":1,"2":4,"3":1,"4":3,"5":1,"6":2,"7":1,"8":1,"9":1,"10":1,"11":1},"f":{"0":5},"b":{"0":[1,4],"1":[5,5,5],"2":[1,3],"3":[4,3,3],"4":[1,2],"5":[1,1]},"_coverageSchema":"1a1c01bbd47fc00a2c39e90264f33305004495a9","hash":"a57d5297230ea7ac2eae49a5820ea9d1fb7ada39"}
,"/Users/haimac/Downloads/AUTH-API/src/Domains/users/entities/RegisteredUser.js": {"path":"/Users/haimac/Downloads/AUTH-API/src/Domains/users/entities/RegisteredUser.js","statementMap":{"0":{"start":{"line":3,"column":6},"end":{"line":3,"column":35}},"1":{"start":{"line":5,"column":41},"end":{"line":5,"column":48}},"2":{"start":{"line":7,"column":6},"end":{"line":7,"column":19}},"3":{"start":{"line":8,"column":6},"end":{"line":8,"column":31}},"4":{"start":{"line":9,"column":6},"end":{"line":9,"column":31}},"5":{"start":{"line":13,"column":6},"end":{"line":15,"column":7}},"6":{"start":{"line":14,"column":8},"end":{"line":14,"column":71}},"7":{"start":{"line":17,"column":6},"end":{"line":19,"column":7}},"8":{"start":{"line":18,"column":8},"end":{"line":18,"column":76}},"9":{"start":{"line":23,"column":2},"end":{"line":23,"column":34}}},"fnMap":{"0":{"name":"(anonymous_0)","decl":{"start":{"line":2,"column":4},"end":{"line":2,"column":5}},"loc":{"start":{"line":2,"column":25},"end":{"line":10,"column":5}},"line":2},"1":{"name":"(anonymous_1)","decl":{"start":{"line":12,"column":4},"end":{"line":12,"column":5}},"loc":{"start":{"line":12,"column":47},"end":{"line":20,"column":5}},"line":12}},"branchMap":{"0":{"loc":{"start":{"line":13,"column":6},"end":{"line":15,"column":7}},"type":"if","locations":[{"start":{"line":13,"column":6},"end":{"line":15,"column":7}},{"start":{},"end":{}}],"line":13},"1":{"loc":{"start":{"line":13,"column":10},"end":{"line":13,"column":39}},"type":"binary-expr","locations":[{"start":{"line":13,"column":10},"end":{"line":13,"column":13}},{"start":{"line":13,"column":17},"end":{"line":13,"column":26}},{"start":{"line":13,"column":30},"end":{"line":13,"column":39}}],"line":13},"2":{"loc":{"start":{"line":17,"column":6},"end":{"line":19,"column":7}},"type":"if","locations":[{"start":{"line":17,"column":6},"end":{"line":19,"column":7}},{"start":{},"end":{}}],"line":17},"3":{"loc":{"start":{"line":17,"column":10},"end":{"line":17,"column":96}},"type":"binary-expr","locations":[{"start":{"line":17,"column":10},"end":{"line":17,"column":32}},{"start":{"line":17,"column":36},"end":{"line":17,"column":64}},{"start":{"line":17,"column":68},"end":{"line":17,"column":96}}],"line":17}},"s":{"0":3,"1":1,"2":1,"3":1,"4":1,"5":3,"6":1,"7":2,"8":1,"9":1},"f":{"0":3,"1":3},"b":{"0":[1,2],"1":[3,2,2],"2":[1,1],"3":[2,1,1]},"_coverageSchema":"1a1c01bbd47fc00a2c39e90264f33305004495a9","hash":"fb434e4b3b25c9b8880a4d78415dc38af0d05401"}
}
